{"type":8,"message":"Undefined variable: type","file":"E:\\mrmoney\\baoxiang\\fdrs\\classes\\libs(v1)\\smarty\\sysplugins\\smarty_internal_data.php","line":291,"time":"2018-07-06 20:09:16"}
{"type":8,"message":"Undefined variable: type","file":"E:\\mrmoney\\baoxiang\\fdrs\\classes\\libs(v1)\\smarty\\sysplugins\\smarty_internal_data.php","line":291,"time":"2018-07-06 20:09:29"}
{"type":8,"message":"Undefined variable: type","file":"E:\\mrmoney\\baoxiang\\fdrs\\classes\\libs(v1)\\smarty\\sysplugins\\smarty_internal_data.php","line":291,"time":"2018-07-06 20:09:31"}
{"type":8,"message":"Undefined index: pid","file":"E:\\mrmoney\\baoxiang\\fdrs\\modeller\\cms.php","line":134,"time":"2018-07-06 20:10:39"}
{"type":8,"message":"Undefined variable: type","file":"E:\\mrmoney\\baoxiang\\fdrs\\classes\\libs(v1)\\smarty\\sysplugins\\smarty_internal_data.php","line":291,"time":"2018-07-06 20:10:41"}
{"type":8,"message":"Undefined variable: type","file":"E:\\mrmoney\\baoxiang\\fdrs\\classes\\libs(v1)\\smarty\\sysplugins\\smarty_internal_data.php","line":291,"time":"2018-07-06 20:10:50"}
{"type":8,"message":"Undefined index: pid","file":"E:\\mrmoney\\baoxiang\\fdrs\\modeller\\cms.php","line":134,"time":"2018-07-06 20:10:50"}
{"type":8,"message":"Undefined variable: type","file":"E:\\mrmoney\\baoxiang\\fdrs\\classes\\libs(v1)\\smarty\\sysplugins\\smarty_internal_data.php","line":291,"time":"2018-07-06 20:11:35"}
{"type":8,"message":"Undefined index: pid","file":"E:\\mrmoney\\baoxiang\\fdrs\\modeller\\cms.php","line":134,"time":"2018-07-06 20:11:36"}
{"type":8,"message":"Undefined variable: type","file":"E:\\mrmoney\\baoxiang\\fdrs\\classes\\libs(v1)\\smarty\\sysplugins\\smarty_internal_data.php","line":291,"time":"2018-07-06 20:11:40"}
{"type":8,"message":"iconv(): Detected an illegal character in input string","file":"E:\\mrmoney\\baoxiang\\fdrs\\classes\\system.php","line":16,"time":"2018-07-06 20:12:42"}
{"type":8,"message":"Undefined index: pid","file":"E:\\mrmoney\\baoxiang\\fdrs\\modeller\\cms.php","line":134,"time":"2018-07-06 20:12:43"}
{"type":8,"message":"iconv(): Detected an illegal character in input string","file":"E:\\mrmoney\\baoxiang\\fdrs\\classes\\system.php","line":16,"time":"2018-07-06 20:13:34"}
{"type":8,"message":"iconv(): Detected an illegal character in input string","file":"E:\\mrmoney\\baoxiang\\fdrs\\classes\\system.php","line":16,"time":"2018-07-06 20:13:58"}
{"type":8,"message":"iconv(): Detected an illegal character in input string","file":"E:\\mrmoney\\baoxiang\\fdrs\\classes\\system.php","line":16,"time":"2018-07-06 20:15:24"}
{"type":8,"message":"Undefined index: pid","file":"E:\\mrmoney\\baoxiang\\fdrs\\modeller\\cms.php","line":134,"time":"2018-07-06 20:15:32"}
{"type":8,"message":"Undefined variable: force_index","file":"E:\\mrmoney\\baoxiang\\fdrs\\classes\\system.php","line":332,"time":"2018-07-06 20:16:37"}
{"type":8,"message":"iconv(): Detected an illegal character in input string","file":"E:\\mrmoney\\baoxiang\\fdrs\\classes\\system.php","line":16,"time":"2018-07-06 20:16:38"}
{"type":8,"message":"Undefined variable: force_index","file":"E:\\mrmoney\\baoxiang\\fdrs\\classes\\system.php","line":332,"time":"2018-07-06 20:16:39"}
{"type":8,"message":"iconv(): Detected an illegal character in input string","file":"E:\\mrmoney\\baoxiang\\fdrs\\classes\\system.php","line":16,"time":"2018-07-06 20:16:39"}
{"type":8,"message":"iconv(): Detected an illegal character in input string","file":"E:\\mrmoney\\baoxiang\\fdrs\\classes\\system.php","line":16,"time":"2018-07-06 20:16:53"}
{"type":8,"message":"iconv(): Detected an illegal character in input string","file":"E:\\mrmoney\\baoxiang\\fdrs\\classes\\system.php","line":16,"time":"2018-07-06 20:17:01"}
{"type":8,"message":"iconv(): Detected an illegal character in input string","file":"E:\\mrmoney\\baoxiang\\fdrs\\classes\\system.php","line":16,"time":"2018-07-06 20:17:06"}
{"type":8,"message":"iconv(): Detected an illegal character in input string","file":"E:\\mrmoney\\baoxiang\\fdrs\\classes\\system.php","line":16,"time":"2018-07-06 20:21:43"}
{"type":8,"message":"Undefined index: pid","file":"E:\\mrmoney\\baoxiang\\fdrs\\modeller\\cms.php","line":134,"time":"2018-07-06 20:22:49"}
{"type":8,"message":"Undefined index: Fdata","file":"E:\\mrmoney\\baoxiang\\fdrs\\controller\\fdrs\\base.php","line":40,"time":"2018-07-06 20:23:10"}
{"type":8,"message":"Undefined index: id","file":"E:\\mrmoney\\baoxiang\\fdrs\\modeller\\member.php","line":18,"time":"2018-07-06 20:24:29"}
{"type":8,"message":"iconv(): Detected an illegal character in input string","file":"E:\\mrmoney\\baoxiang\\fdrs\\classes\\system.php","line":16,"time":"2018-07-06 20:24:30"}
{"type":8,"message":"iconv(): Detected an illegal character in input string","file":"E:\\mrmoney\\baoxiang\\fdrs\\classes\\system.php","line":16,"time":"2018-07-06 20:24:56"}
{"type":8,"message":"Undefined variable: force_index","file":"E:\\mrmoney\\baoxiang\\fdrs\\classes\\system.php","line":332,"time":"2018-07-06 20:24:57"}
{"type":8,"message":"Undefined variable: force_index","file":"E:\\mrmoney\\baoxiang\\fdrs\\classes\\system.php","line":332,"time":"2018-07-06 20:24:58"}
{"type":8,"message":"iconv(): Detected an illegal character in input string","file":"E:\\mrmoney\\baoxiang\\fdrs\\classes\\system.php","line":16,"time":"2018-07-06 20:24:59"}
{"type":8,"message":"iconv(): Detected an illegal character in input string","file":"E:\\mrmoney\\baoxiang\\fdrs\\classes\\system.php","line":16,"time":"2018-07-06 20:25:29"}
{"type":8,"message":"iconv(): Detected an illegal character in input string","file":"E:\\mrmoney\\baoxiang\\fdrs\\classes\\system.php","line":16,"time":"2018-07-06 20:25:38"}
{"type":8,"message":"iconv(): Detected an illegal character in input string","file":"E:\\mrmoney\\baoxiang\\fdrs\\classes\\system.php","line":16,"time":"2018-07-06 20:26:12"}
{"type":8,"message":"iconv(): Detected an illegal character in input string","file":"E:\\mrmoney\\baoxiang\\fdrs\\classes\\system.php","line":16,"time":"2018-07-06 20:26:12"}
{"type":8,"message":"iconv(): Detected an illegal character in input string","file":"E:\\mrmoney\\baoxiang\\fdrs\\classes\\system.php","line":16,"time":"2018-07-06 20:27:02"}
{"type":8,"message":"iconv(): Detected an illegal character in input string","file":"E:\\mrmoney\\baoxiang\\fdrs\\classes\\system.php","line":16,"time":"2018-07-06 20:27:02"}
{"type":8,"message":"iconv(): Detected an illegal character in input string","file":"E:\\mrmoney\\baoxiang\\fdrs\\classes\\system.php","line":16,"time":"2018-07-06 20:27:13"}
{"type":8,"message":"iconv(): Detected an illegal character in input string","file":"E:\\mrmoney\\baoxiang\\fdrs\\classes\\system.php","line":16,"time":"2018-07-06 20:27:14"}
{"type":8,"message":"iconv(): Detected an illegal character in input string","file":"E:\\mrmoney\\baoxiang\\fdrs\\classes\\system.php","line":16,"time":"2018-07-06 20:27:20"}
{"type":8,"message":"Undefined index: pid","file":"E:\\mrmoney\\baoxiang\\fdrs\\modeller\\cms.php","line":134,"time":"2018-07-06 20:27:24"}
{"type":8,"message":"Undefined variable: RESIZEHEIGHT","file":"E:\\mrmoney\\baoxiang\\fdrs\\classes\\upload.php","line":517,"time":"2018-07-06 20:27:39"}
{"type":8,"message":"iconv(): Detected an illegal character in input string","file":"E:\\mrmoney\\baoxiang\\fdrs\\classes\\system.php","line":16,"time":"2018-07-06 20:27:40"}
{"type":8,"message":"iconv(): Detected an illegal character in input string","file":"E:\\mrmoney\\baoxiang\\fdrs\\classes\\system.php","line":16,"time":"2018-07-06 20:27:47"}
{"type":8,"message":"Undefined index: logo_path","file":"E:\\mrmoney\\baoxiang\\fdrs\\modeller\\member.php","line":29,"time":"2018-07-06 20:27:56"}
{"type":8,"message":"iconv(): Detected an illegal character in input string","file":"E:\\mrmoney\\baoxiang\\fdrs\\classes\\system.php","line":16,"time":"2018-07-06 20:27:57"}
{"type":8,"message":"iconv(): Detected an illegal character in input string","file":"E:\\mrmoney\\baoxiang\\fdrs\\classes\\system.php","line":16,"time":"2018-07-06 20:28:14"}
{"type":8,"message":"Undefined index: pid","file":"E:\\mrmoney\\baoxiang\\fdrs\\modeller\\cms.php","line":134,"time":"2018-07-06 20:28:54"}
{"type":8,"message":"Undefined index: id","file":"E:\\mrmoney\\baoxiang\\fdrs\\modeller\\member.php","line":18,"time":"2018-07-06 20:29:57"}
{"type":8,"message":"iconv(): Detected an illegal character in input string","file":"E:\\mrmoney\\baoxiang\\fdrs\\classes\\system.php","line":16,"time":"2018-07-06 20:29:58"}
{"type":8,"message":"iconv(): Detected an illegal character in input string","file":"E:\\mrmoney\\baoxiang\\fdrs\\classes\\system.php","line":16,"time":"2018-07-06 20:30:08"}
{"type":8,"message":"iconv(): Detected an illegal character in input string","file":"E:\\mrmoney\\baoxiang\\fdrs\\classes\\system.php","line":16,"time":"2018-07-06 20:30:08"}
{"type":8,"message":"iconv(): Detected an illegal character in input string","file":"E:\\mrmoney\\baoxiang\\fdrs\\classes\\system.php","line":16,"time":"2018-07-06 20:30:16"}
{"type":8,"message":"iconv(): Detected an illegal character in input string","file":"E:\\mrmoney\\baoxiang\\fdrs\\classes\\system.php","line":16,"time":"2018-07-06 20:30:56"}
{"type":8,"message":"iconv(): Detected an illegal character in input string","file":"E:\\mrmoney\\baoxiang\\fdrs\\classes\\system.php","line":16,"time":"2018-07-06 20:30:57"}
{"type":8,"message":"Undefined index: pid","file":"E:\\mrmoney\\baoxiang\\fdrs\\modeller\\cms.php","line":134,"time":"2018-07-06 20:30:59"}
{"type":8,"message":"Undefined variable: RESIZEHEIGHT","file":"E:\\mrmoney\\baoxiang\\fdrs\\classes\\upload.php","line":517,"time":"2018-07-06 20:31:03"}
{"type":8,"message":"iconv(): Detected an illegal character in input string","file":"E:\\mrmoney\\baoxiang\\fdrs\\classes\\system.php","line":16,"time":"2018-07-06 20:31:04"}
{"type":8,"message":"iconv(): Detected an illegal character in input string","file":"E:\\mrmoney\\baoxiang\\fdrs\\classes\\system.php","line":16,"time":"2018-07-06 20:31:08"}
{"type":8,"message":"Undefined index: pid","file":"E:\\mrmoney\\baoxiang\\fdrs\\modeller\\cms.php","line":134,"time":"2018-07-06 20:31:34"}
{"type":8,"message":"Undefined index: id","file":"E:\\mrmoney\\baoxiang\\fdrs\\modeller\\member.php","line":18,"time":"2018-07-06 20:32:41"}
{"type":8,"message":"iconv(): Detected an illegal character in input string","file":"E:\\mrmoney\\baoxiang\\fdrs\\classes\\system.php","line":16,"time":"2018-07-06 20:32:43"}
{"type":8,"message":"iconv(): Detected an illegal character in input string","file":"E:\\mrmoney\\baoxiang\\fdrs\\classes\\system.php","line":16,"time":"2018-07-06 20:33:00"}
{"type":8,"message":"Undefined index: pid","file":"E:\\mrmoney\\baoxiang\\fdrs\\modeller\\cms.php","line":134,"time":"2018-07-06 20:33:02"}
{"type":8,"message":"Undefined index: id","file":"E:\\mrmoney\\baoxiang\\fdrs\\modeller\\member.php","line":18,"time":"2018-07-06 20:34:14"}
{"type":8,"message":"iconv(): Detected an illegal character in input string","file":"E:\\mrmoney\\baoxiang\\fdrs\\classes\\system.php","line":16,"time":"2018-07-06 20:34:15"}
{"type":8,"message":"iconv(): Detected an illegal character in input string","file":"E:\\mrmoney\\baoxiang\\fdrs\\classes\\system.php","line":16,"time":"2018-07-06 20:34:57"}
{"type":8,"message":"iconv(): Detected an illegal character in input string","file":"E:\\mrmoney\\baoxiang\\fdrs\\classes\\system.php","line":16,"time":"2018-07-06 20:34:58"}
{"type":8,"message":"Undefined index: pid","file":"E:\\mrmoney\\baoxiang\\fdrs\\modeller\\cms.php","line":134,"time":"2018-07-06 20:36:58"}
{"type":8,"message":"Undefined index: pid","file":"E:\\mrmoney\\baoxiang\\fdrs\\modeller\\cms.php","line":134,"time":"2018-07-06 20:38:33"}
{"type":8,"message":"Undefined offset: 4","file":"E:\\mrmoney\\baoxiang\\fdrs\\controller\\www\\view.php","line":75,"time":"2018-07-06 20:51:16"}
{"type":8,"message":"Undefined offset: 4","file":"E:\\mrmoney\\baoxiang\\fdrs\\controller\\www\\view.php","line":75,"time":"2018-07-06 20:55:26"}
{"type":8,"message":"Undefined index: pid","file":"E:\\mrmoney\\baoxiang\\fdrs\\modeller\\cms.php","line":134,"time":"2018-07-06 20:55:44"}
{"type":8,"message":"Undefined index: pid","file":"E:\\mrmoney\\baoxiang\\fdrs\\modeller\\cms.php","line":134,"time":"2018-07-06 20:57:02"}
{"type":8,"message":"Undefined index: pid","file":"E:\\mrmoney\\baoxiang\\fdrs\\modeller\\cms.php","line":134,"time":"2018-07-06 20:57:27"}
{"type":8,"message":"Undefined index: pid","file":"E:\\mrmoney\\baoxiang\\fdrs\\modeller\\cms.php","line":134,"time":"2018-07-06 20:58:07"}
{"type":8,"message":"Undefined index: pid","file":"E:\\mrmoney\\baoxiang\\fdrs\\modeller\\cms.php","line":134,"time":"2018-07-06 20:58:49"}
{"type":8,"message":"Undefined index: pid","file":"E:\\mrmoney\\baoxiang\\fdrs\\modeller\\cms.php","line":134,"time":"2018-07-06 20:59:21"}
{"type":8,"message":"Undefined index: pid","file":"E:\\mrmoney\\baoxiang\\fdrs\\modeller\\cms.php","line":134,"time":"2018-07-06 21:00:18"}
{"type":8,"message":"Undefined index: pid","file":"E:\\mrmoney\\baoxiang\\fdrs\\modeller\\cms.php","line":134,"time":"2018-07-06 21:00:37"}
{"type":8,"message":"Undefined index: pid","file":"E:\\mrmoney\\baoxiang\\fdrs\\modeller\\cms.php","line":134,"time":"2018-07-06 21:00:51"}
{"type":8,"message":"Undefined index: pid","file":"E:\\mrmoney\\baoxiang\\fdrs\\modeller\\cms.php","line":134,"time":"2018-07-06 21:01:17"}
{"type":8,"message":"Undefined index: pid","file":"E:\\mrmoney\\baoxiang\\fdrs\\modeller\\cms.php","line":134,"time":"2018-07-06 21:01:52"}
{"type":8,"message":"Undefined index: pid","file":"E:\\mrmoney\\baoxiang\\fdrs\\modeller\\cms.php","line":134,"time":"2018-07-06 21:02:12"}
{"type":8,"message":"Undefined index: pid","file":"E:\\mrmoney\\baoxiang\\fdrs\\modeller\\cms.php","line":134,"time":"2018-07-06 21:02:25"}
{"type":8,"message":"Undefined index: pid","file":"E:\\mrmoney\\baoxiang\\fdrs\\modeller\\cms.php","line":134,"time":"2018-07-06 21:02:51"}
{"type":8,"message":"iconv(): Detected an illegal character in input string","file":"E:\\mrmoney\\baoxiang\\fdrs\\classes\\system.php","line":16,"time":"2018-07-06 21:04:02"}
{"type":8,"message":"Undefined index: pid","file":"E:\\mrmoney\\baoxiang\\fdrs\\modeller\\cms.php","line":134,"time":"2018-07-06 21:04:06"}
{"type":8,"message":"Undefined index: id","file":"E:\\mrmoney\\baoxiang\\fdrs\\modeller\\member.php","line":18,"time":"2018-07-06 21:06:22"}
{"type":8,"message":"iconv(): Detected an illegal character in input string","file":"E:\\mrmoney\\baoxiang\\fdrs\\classes\\system.php","line":16,"time":"2018-07-06 21:06:24"}
{"type":8,"message":"Undefined offset: 7","file":"E:\\mrmoney\\baoxiang\\fdrs\\controller\\www\\view.php","line":75,"time":"2018-07-06 21:06:32"}
{"type":8,"message":"iconv(): Detected an illegal character in input string","file":"E:\\mrmoney\\baoxiang\\fdrs\\classes\\system.php","line":16,"time":"2018-07-06 21:09:20"}
{"type":8,"message":"Undefined offset: 7","file":"E:\\mrmoney\\baoxiang\\fdrs\\controller\\www\\view.php","line":75,"time":"2018-07-06 21:09:21"}
{"type":8,"message":"Undefined index: path","file":"E:\\mrmoney\\baoxiang\\fdrs\\classes\\upload.php","line":445,"time":"2018-07-06 21:09:26"}
{"type":8,"message":"iconv(): Detected an illegal character in input string","file":"E:\\mrmoney\\baoxiang\\fdrs\\classes\\system.php","line":16,"time":"2018-07-06 21:09:27"}
{"type":8,"message":"Undefined offset: 7","file":"E:\\mrmoney\\baoxiang\\fdrs\\controller\\www\\view.php","line":75,"time":"2018-07-06 21:09:32"}
{"type":8,"message":"Undefined offset: 7","file":"E:\\mrmoney\\baoxiang\\fdrs\\controller\\www\\view.php","line":75,"time":"2018-07-06 21:10:30"}
{"type":8,"message":"Undefined offset: 7","file":"E:\\mrmoney\\baoxiang\\fdrs\\controller\\www\\view.php","line":75,"time":"2018-07-06 21:19:13"}
{"type":8,"message":"Undefined offset: 7","file":"E:\\mrmoney\\baoxiang\\fdrs\\controller\\www\\view.php","line":75,"time":"2018-07-06 21:19:25"}
{"type":8,"message":"Undefined offset: 5","file":"E:\\mrmoney\\baoxiang\\fdrs\\controller\\www\\view.php","line":75,"time":"2018-07-06 21:20:36"}
{"type":8,"message":"iconv(): Detected an illegal character in input string","file":"E:\\mrmoney\\baoxiang\\fdrs\\classes\\system.php","line":16,"time":"2018-07-06 21:21:49"}
{"type":8,"message":"Undefined offset: 5","file":"E:\\mrmoney\\baoxiang\\fdrs\\controller\\www\\view.php","line":75,"time":"2018-07-06 21:21:52"}
{"type":8,"message":"Undefined index: id","file":"E:\\mrmoney\\baoxiang\\fdrs\\modeller\\member.php","line":18,"time":"2018-07-06 21:23:38"}
{"type":8,"message":"iconv(): Detected an illegal character in input string","file":"E:\\mrmoney\\baoxiang\\fdrs\\classes\\system.php","line":16,"time":"2018-07-06 21:23:40"}
{"type":8,"message":"Undefined index: pid","file":"E:\\mrmoney\\baoxiang\\fdrs\\modeller\\cms.php","line":134,"time":"2018-07-06 21:23:45"}
{"type":8,"message":"iconv(): Detected an illegal character in input string","file":"E:\\mrmoney\\baoxiang\\fdrs\\classes\\system.php","line":16,"time":"2018-07-06 21:24:21"}
{"type":8,"message":"Undefined index: pid","file":"E:\\mrmoney\\baoxiang\\fdrs\\modeller\\cms.php","line":134,"time":"2018-07-06 21:24:25"}
{"type":8,"message":"Undefined index: id","file":"E:\\mrmoney\\baoxiang\\fdrs\\modeller\\member.php","line":18,"time":"2018-07-06 21:25:11"}
{"type":8,"message":"iconv(): Detected an illegal character in input string","file":"E:\\mrmoney\\baoxiang\\fdrs\\classes\\system.php","line":16,"time":"2018-07-06 21:25:13"}
{"type":8,"message":"Undefined offset: 11","file":"E:\\mrmoney\\baoxiang\\fdrs\\controller\\www\\view.php","line":75,"time":"2018-07-06 21:25:18"}
{"type":8,"message":"iconv(): Detected an illegal character in input string","file":"E:\\mrmoney\\baoxiang\\fdrs\\classes\\system.php","line":16,"time":"2018-07-06 21:25:31"}
{"type":8,"message":"Undefined offset: 11","file":"E:\\mrmoney\\baoxiang\\fdrs\\controller\\www\\view.php","line":75,"time":"2018-07-06 21:25:45"}
{"type":8,"message":"Undefined index: id","file":"E:\\mrmoney\\baoxiang\\fdrs\\modeller\\member.php","line":18,"time":"2018-07-06 21:27:36"}
{"type":8,"message":"iconv(): Detected an illegal character in input string","file":"E:\\mrmoney\\baoxiang\\fdrs\\classes\\system.php","line":16,"time":"2018-07-06 21:27:37"}
{"type":8,"message":"iconv(): Detected an illegal character in input string","file":"E:\\mrmoney\\baoxiang\\fdrs\\classes\\system.php","line":16,"time":"2018-07-06 21:27:40"}
{"type":8,"message":"Undefined offset: 11","file":"E:\\mrmoney\\baoxiang\\fdrs\\controller\\www\\view.php","line":75,"time":"2018-07-06 21:27:40"}
{"type":8,"message":"Undefined index: path","file":"E:\\mrmoney\\baoxiang\\fdrs\\classes\\upload.php","line":445,"time":"2018-07-06 21:27:44"}
{"type":8,"message":"iconv(): Detected an illegal character in input string","file":"E:\\mrmoney\\baoxiang\\fdrs\\classes\\system.php","line":16,"time":"2018-07-06 21:27:45"}
{"type":8,"message":"Undefined offset: 11","file":"E:\\mrmoney\\baoxiang\\fdrs\\controller\\www\\view.php","line":75,"time":"2018-07-06 21:27:56"}
{"type":8,"message":"iconv(): Detected an illegal character in input string","file":"E:\\mrmoney\\baoxiang\\fdrs\\classes\\system.php","line":16,"time":"2018-07-06 21:28:51"}
{"type":8,"message":"Undefined offset: 11","file":"E:\\mrmoney\\baoxiang\\fdrs\\controller\\www\\view.php","line":75,"time":"2018-07-06 21:28:52"}
{"type":8,"message":"Undefined index: path","file":"E:\\mrmoney\\baoxiang\\fdrs\\classes\\upload.php","line":445,"time":"2018-07-06 21:28:54"}
{"type":8,"message":"iconv(): Detected an illegal character in input string","file":"E:\\mrmoney\\baoxiang\\fdrs\\classes\\system.php","line":16,"time":"2018-07-06 21:28:56"}
{"type":8,"message":"Undefined offset: 11","file":"E:\\mrmoney\\baoxiang\\fdrs\\controller\\www\\view.php","line":75,"time":"2018-07-06 21:29:00"}
{"type":8,"message":"iconv(): Detected an illegal character in input string","file":"E:\\mrmoney\\baoxiang\\fdrs\\classes\\system.php","line":16,"time":"2018-07-06 21:30:25"}
{"type":8,"message":"iconv(): Detected an illegal character in input string","file":"E:\\mrmoney\\baoxiang\\fdrs\\classes\\system.php","line":16,"time":"2018-07-06 21:30:25"}
{"type":8,"message":"iconv(): Detected an illegal character in input string","file":"E:\\mrmoney\\baoxiang\\fdrs\\classes\\system.php","line":16,"time":"2018-07-06 21:31:26"}
{"type":8,"message":"iconv(): Detected an illegal character in input string","file":"E:\\mrmoney\\baoxiang\\fdrs\\classes\\system.php","line":16,"time":"2018-07-06 21:31:27"}
{"type":8,"message":"iconv(): Detected an illegal character in input string","file":"E:\\mrmoney\\baoxiang\\fdrs\\classes\\system.php","line":16,"time":"2018-07-06 21:31:29"}
{"type":8,"message":"iconv(): Detected an illegal character in input string","file":"E:\\mrmoney\\baoxiang\\fdrs\\classes\\system.php","line":16,"time":"2018-07-06 21:31:31"}
{"type":8,"message":"iconv(): Detected an illegal character in input string","file":"E:\\mrmoney\\baoxiang\\fdrs\\classes\\system.php","line":16,"time":"2018-07-06 21:31:33"}
{"type":8,"message":"iconv(): Detected an illegal character in input string","file":"E:\\mrmoney\\baoxiang\\fdrs\\classes\\system.php","line":16,"time":"2018-07-06 21:31:42"}
{"type":8,"message":"iconv(): Detected an illegal character in input string","file":"E:\\mrmoney\\baoxiang\\fdrs\\classes\\system.php","line":16,"time":"2018-07-06 21:31:42"}
{"type":8,"message":"iconv(): Detected an illegal character in input string","file":"E:\\mrmoney\\baoxiang\\fdrs\\classes\\system.php","line":16,"time":"2018-07-06 21:32:40"}
{"type":8,"message":"iconv(): Detected an illegal character in input string","file":"E:\\mrmoney\\baoxiang\\fdrs\\classes\\system.php","line":16,"time":"2018-07-06 21:32:41"}
{"type":8,"message":"iconv(): Detected an illegal character in input string","file":"E:\\mrmoney\\baoxiang\\fdrs\\classes\\system.php","line":16,"time":"2018-07-06 21:33:37"}
{"type":8,"message":"iconv(): Detected an illegal character in input string","file":"E:\\mrmoney\\baoxiang\\fdrs\\classes\\system.php","line":16,"time":"2018-07-06 21:33:37"}
{"type":8,"message":"iconv(): Detected an illegal character in input string","file":"E:\\mrmoney\\baoxiang\\fdrs\\classes\\system.php","line":16,"time":"2018-07-06 21:33:50"}
{"type":8,"message":"iconv(): Detected an illegal character in input string","file":"E:\\mrmoney\\baoxiang\\fdrs\\classes\\system.php","line":16,"time":"2018-07-06 21:33:51"}
{"type":8,"message":"iconv(): Detected an illegal character in input string","file":"E:\\mrmoney\\baoxiang\\fdrs\\classes\\system.php","line":16,"time":"2018-07-06 21:34:21"}
{"type":8,"message":"iconv(): Detected an illegal character in input string","file":"E:\\mrmoney\\baoxiang\\fdrs\\classes\\system.php","line":16,"time":"2018-07-06 21:34:21"}
{"type":8,"message":"iconv(): Detected an illegal character in input string","file":"E:\\mrmoney\\baoxiang\\fdrs\\classes\\system.php","line":16,"time":"2018-07-06 21:34:35"}
{"type":8,"message":"iconv(): Detected an illegal character in input string","file":"E:\\mrmoney\\baoxiang\\fdrs\\classes\\system.php","line":16,"time":"2018-07-06 21:34:35"}
{"type":8,"message":"iconv(): Detected an illegal character in input string","file":"E:\\mrmoney\\baoxiang\\fdrs\\classes\\system.php","line":16,"time":"2018-07-06 21:37:29"}
{"type":8,"message":"iconv(): Detected an illegal character in input string","file":"E:\\mrmoney\\baoxiang\\fdrs\\classes\\system.php","line":16,"time":"2018-07-06 21:37:30"}
{"type":8,"message":"iconv(): Detected an illegal character in input string","file":"E:\\mrmoney\\baoxiang\\fdrs\\classes\\system.php","line":16,"time":"2018-07-06 21:38:48"}
{"type":8,"message":"iconv(): Detected an illegal character in input string","file":"E:\\mrmoney\\baoxiang\\fdrs\\classes\\system.php","line":16,"time":"2018-07-06 21:38:49"}
{"type":8,"message":"iconv(): Detected an illegal character in input string","file":"E:\\mrmoney\\baoxiang\\fdrs\\classes\\system.php","line":16,"time":"2018-07-06 21:39:18"}
{"type":8,"message":"iconv(): Detected an illegal character in input string","file":"E:\\mrmoney\\baoxiang\\fdrs\\classes\\system.php","line":16,"time":"2018-07-06 21:39:18"}
{"type":8,"message":"iconv(): Detected an illegal character in input string","file":"E:\\mrmoney\\baoxiang\\fdrs\\classes\\system.php","line":16,"time":"2018-07-06 21:40:49"}
{"type":8,"message":"iconv(): Detected an illegal character in input string","file":"E:\\mrmoney\\baoxiang\\fdrs\\classes\\system.php","line":16,"time":"2018-07-06 21:40:50"}
{"type":8,"message":"iconv(): Detected an illegal character in input string","file":"E:\\mrmoney\\baoxiang\\fdrs\\classes\\system.php","line":16,"time":"2018-07-06 21:41:18"}
{"type":8,"message":"iconv(): Detected an illegal character in input string","file":"E:\\mrmoney\\baoxiang\\fdrs\\classes\\system.php","line":16,"time":"2018-07-06 21:41:19"}
{"type":8,"message":"iconv(): Detected an illegal character in input string","file":"E:\\mrmoney\\baoxiang\\fdrs\\classes\\system.php","line":16,"time":"2018-07-06 21:42:05"}
{"type":8,"message":"iconv(): Detected an illegal character in input string","file":"E:\\mrmoney\\baoxiang\\fdrs\\classes\\system.php","line":16,"time":"2018-07-06 21:42:05"}
{"type":8,"message":"iconv(): Detected an illegal character in input string","file":"E:\\mrmoney\\baoxiang\\fdrs\\classes\\system.php","line":16,"time":"2018-07-06 21:42:52"}
{"type":8,"message":"iconv(): Detected an illegal character in input string","file":"E:\\mrmoney\\baoxiang\\fdrs\\classes\\system.php","line":16,"time":"2018-07-06 21:42:53"}
{"type":8,"message":"iconv(): Detected an illegal character in input string","file":"E:\\mrmoney\\baoxiang\\fdrs\\classes\\system.php","line":16,"time":"2018-07-06 21:43:21"}
{"type":8,"message":"iconv(): Detected an illegal character in input string","file":"E:\\mrmoney\\baoxiang\\fdrs\\classes\\system.php","line":16,"time":"2018-07-06 21:43:22"}
{"type":8,"message":"iconv(): Detected an illegal character in input string","file":"E:\\mrmoney\\baoxiang\\fdrs\\classes\\system.php","line":16,"time":"2018-07-06 21:43:23"}
{"type":8,"message":"iconv(): Detected an illegal character in input string","file":"E:\\mrmoney\\baoxiang\\fdrs\\classes\\system.php","line":16,"time":"2018-07-06 21:43:25"}
{"type":8,"message":"iconv(): Detected an illegal character in input string","file":"E:\\mrmoney\\baoxiang\\fdrs\\classes\\system.php","line":16,"time":"2018-07-06 21:43:54"}
{"type":8,"message":"iconv(): Detected an illegal character in input string","file":"E:\\mrmoney\\baoxiang\\fdrs\\classes\\system.php","line":16,"time":"2018-07-06 21:43:55"}
{"type":8,"message":"iconv(): Detected an illegal character in input string","file":"E:\\mrmoney\\baoxiang\\fdrs\\classes\\system.php","line":16,"time":"2018-07-06 21:44:19"}
{"type":8,"message":"iconv(): Detected an illegal character in input string","file":"E:\\mrmoney\\baoxiang\\fdrs\\classes\\system.php","line":16,"time":"2018-07-06 21:44:20"}
{"type":8,"message":"iconv(): Detected an illegal character in input string","file":"E:\\mrmoney\\baoxiang\\fdrs\\classes\\system.php","line":16,"time":"2018-07-06 21:45:37"}
{"type":8,"message":"iconv(): Detected an illegal character in input string","file":"E:\\mrmoney\\baoxiang\\fdrs\\classes\\system.php","line":16,"time":"2018-07-06 21:45:37"}
{"type":8,"message":"iconv(): Detected an illegal character in input string","file":"E:\\mrmoney\\baoxiang\\fdrs\\classes\\system.php","line":16,"time":"2018-07-06 21:46:14"}
{"type":8,"message":"iconv(): Detected an illegal character in input string","file":"E:\\mrmoney\\baoxiang\\fdrs\\classes\\system.php","line":16,"time":"2018-07-06 21:46:15"}
{"type":8,"message":"iconv(): Detected an illegal character in input string","file":"E:\\mrmoney\\baoxiang\\fdrs\\classes\\system.php","line":16,"time":"2018-07-06 21:46:55"}
{"type":8,"message":"iconv(): Detected an illegal character in input string","file":"E:\\mrmoney\\baoxiang\\fdrs\\classes\\system.php","line":16,"time":"2018-07-06 21:46:55"}
{"type":8,"message":"iconv(): Detected an illegal character in input string","file":"E:\\mrmoney\\baoxiang\\fdrs\\classes\\system.php","line":16,"time":"2018-07-06 21:47:18"}
{"type":8,"message":"iconv(): Detected an illegal character in input string","file":"E:\\mrmoney\\baoxiang\\fdrs\\classes\\system.php","line":16,"time":"2018-07-06 21:47:18"}
{"type":8,"message":"iconv(): Detected an illegal character in input string","file":"E:\\mrmoney\\baoxiang\\fdrs\\classes\\system.php","line":16,"time":"2018-07-06 21:47:39"}
{"type":8,"message":"iconv(): Detected an illegal character in input string","file":"E:\\mrmoney\\baoxiang\\fdrs\\classes\\system.php","line":16,"time":"2018-07-06 21:47:39"}
{"type":8,"message":"iconv(): Detected an illegal character in input string","file":"E:\\mrmoney\\baoxiang\\fdrs\\classes\\system.php","line":16,"time":"2018-07-06 21:49:23"}
{"type":8,"message":"iconv(): Detected an illegal character in input string","file":"E:\\mrmoney\\baoxiang\\fdrs\\classes\\system.php","line":16,"time":"2018-07-06 21:49:24"}
{"type":8,"message":"iconv(): Detected an illegal character in input string","file":"E:\\mrmoney\\baoxiang\\fdrs\\classes\\system.php","line":16,"time":"2018-07-06 21:49:55"}
{"type":8,"message":"iconv(): Detected an illegal character in input string","file":"E:\\mrmoney\\baoxiang\\fdrs\\classes\\system.php","line":16,"time":"2018-07-06 21:50:01"}
{"type":8,"message":"iconv(): Detected an illegal character in input string","file":"E:\\mrmoney\\baoxiang\\fdrs\\classes\\system.php","line":16,"time":"2018-07-06 21:50:01"}
{"type":8,"message":"iconv(): Detected an illegal character in input string","file":"E:\\mrmoney\\baoxiang\\fdrs\\classes\\system.php","line":16,"time":"2018-07-06 21:51:13"}
{"type":8,"message":"iconv(): Detected an illegal character in input string","file":"E:\\mrmoney\\baoxiang\\fdrs\\classes\\system.php","line":16,"time":"2018-07-06 21:51:13"}
{"type":8,"message":"Undefined offset: 11","file":"E:\\mrmoney\\baoxiang\\fdrs\\controller\\www\\view.php","line":75,"time":"2018-07-06 21:51:52"}
{"type":8,"message":"iconv(): Detected an illegal character in input string","file":"E:\\mrmoney\\baoxiang\\fdrs\\classes\\system.php","line":16,"time":"2018-07-06 21:52:21"}
{"type":8,"message":"iconv(): Detected an illegal character in input string","file":"E:\\mrmoney\\baoxiang\\fdrs\\classes\\system.php","line":16,"time":"2018-07-06 21:52:47"}
{"type":8,"message":"iconv(): Detected an illegal character in input string","file":"E:\\mrmoney\\baoxiang\\fdrs\\classes\\system.php","line":16,"time":"2018-07-06 21:52:48"}
{"type":8,"message":"Undefined offset: 11","file":"E:\\mrmoney\\baoxiang\\fdrs\\controller\\www\\view.php","line":75,"time":"2018-07-06 21:54:29"}
{"type":8,"message":"Undefined offset: 11","file":"E:\\mrmoney\\baoxiang\\fdrs\\controller\\www\\view.php","line":75,"time":"2018-07-06 21:56:45"}
{"type":8,"message":"Undefined offset: 11","file":"E:\\mrmoney\\baoxiang\\fdrs\\controller\\www\\view.php","line":75,"time":"2018-07-06 21:56:53"}
{"type":8,"message":"Undefined offset: 11","file":"E:\\mrmoney\\baoxiang\\fdrs\\controller\\www\\view.php","line":75,"time":"2018-07-06 21:57:40"}
{"type":8,"message":"Undefined offset: 11","file":"E:\\mrmoney\\baoxiang\\fdrs\\controller\\www\\view.php","line":75,"time":"2018-07-06 21:58:45"}
{"type":8,"message":"Undefined offset: 11","file":"E:\\mrmoney\\baoxiang\\fdrs\\controller\\www\\view.php","line":75,"time":"2018-07-06 21:59:27"}
{"type":8,"message":"Undefined offset: 11","file":"E:\\mrmoney\\baoxiang\\fdrs\\controller\\www\\view.php","line":75,"time":"2018-07-06 21:59:41"}
{"type":8,"message":"iconv(): Detected an illegal character in input string","file":"E:\\mrmoney\\baoxiang\\fdrs\\classes\\system.php","line":16,"time":"2018-07-06 22:00:13"}
{"type":8,"message":"Undefined offset: 11","file":"E:\\mrmoney\\baoxiang\\fdrs\\controller\\www\\view.php","line":75,"time":"2018-07-06 22:00:15"}
{"type":8,"message":"iconv(): Detected an illegal character in input string","file":"E:\\mrmoney\\baoxiang\\fdrs\\classes\\system.php","line":16,"time":"2018-07-06 22:00:16"}
{"type":8,"message":"iconv(): Detected an illegal character in input string","file":"E:\\mrmoney\\baoxiang\\fdrs\\classes\\system.php","line":16,"time":"2018-07-06 22:00:17"}
{"type":8,"message":"iconv(): Detected an illegal character in input string","file":"E:\\mrmoney\\baoxiang\\fdrs\\classes\\system.php","line":16,"time":"2018-07-06 22:00:20"}
{"type":8,"message":"iconv(): Detected an illegal character in input string","file":"E:\\mrmoney\\baoxiang\\fdrs\\classes\\system.php","line":16,"time":"2018-07-06 22:00:21"}
{"type":8,"message":"iconv(): Detected an illegal character in input string","file":"E:\\mrmoney\\baoxiang\\fdrs\\classes\\system.php","line":16,"time":"2018-07-06 22:00:28"}
{"type":8,"message":"iconv(): Detected an illegal character in input string","file":"E:\\mrmoney\\baoxiang\\fdrs\\classes\\system.php","line":16,"time":"2018-07-06 22:00:49"}
{"type":8,"message":"Undefined index: logo_path","file":"E:\\mrmoney\\baoxiang\\fdrs\\modeller\\member.php","line":29,"time":"2018-07-06 22:00:51"}
{"type":8,"message":"iconv(): Detected an illegal character in input string","file":"E:\\mrmoney\\baoxiang\\fdrs\\classes\\system.php","line":16,"time":"2018-07-06 22:00:53"}
{"type":8,"message":"iconv(): Detected an illegal character in input string","file":"E:\\mrmoney\\baoxiang\\fdrs\\classes\\system.php","line":16,"time":"2018-07-06 22:00:54"}
{"type":8,"message":"iconv(): Detected an illegal character in input string","file":"E:\\mrmoney\\baoxiang\\fdrs\\classes\\system.php","line":16,"time":"2018-07-06 22:00:57"}
{"type":8,"message":"iconv(): Detected an illegal character in input string","file":"E:\\mrmoney\\baoxiang\\fdrs\\classes\\system.php","line":16,"time":"2018-07-06 22:01:00"}
{"type":8,"message":"Undefined offset: 11","file":"E:\\mrmoney\\baoxiang\\fdrs\\controller\\www\\view.php","line":75,"time":"2018-07-06 22:01:00"}
{"type":8,"message":"Undefined index: logo_path","file":"E:\\mrmoney\\baoxiang\\fdrs\\modeller\\member.php","line":29,"time":"2018-07-06 22:01:11"}
{"type":8,"message":"iconv(): Detected an illegal character in input string","file":"E:\\mrmoney\\baoxiang\\fdrs\\classes\\system.php","line":16,"time":"2018-07-06 22:01:12"}
{"type":8,"message":"iconv(): Detected an illegal character in input string","file":"E:\\mrmoney\\baoxiang\\fdrs\\classes\\system.php","line":16,"time":"2018-07-06 22:01:14"}
{"type":8,"message":"Undefined offset: 11","file":"E:\\mrmoney\\baoxiang\\fdrs\\controller\\www\\view.php","line":75,"time":"2018-07-06 22:01:26"}
{"type":8,"message":"Undefined index: logo_path","file":"E:\\mrmoney\\baoxiang\\fdrs\\modeller\\member.php","line":29,"time":"2018-07-06 22:01:28"}
{"type":8,"message":"iconv(): Detected an illegal character in input string","file":"E:\\mrmoney\\baoxiang\\fdrs\\classes\\system.php","line":16,"time":"2018-07-06 22:01:29"}
{"type":8,"message":"iconv(): Detected an illegal character in input string","file":"E:\\mrmoney\\baoxiang\\fdrs\\classes\\system.php","line":16,"time":"2018-07-06 22:01:31"}
{"type":8,"message":"Undefined offset: 11","file":"E:\\mrmoney\\baoxiang\\fdrs\\controller\\www\\view.php","line":75,"time":"2018-07-06 22:01:47"}
{"type":8,"message":"Undefined index: logo_path","file":"E:\\mrmoney\\baoxiang\\fdrs\\modeller\\member.php","line":29,"time":"2018-07-06 22:01:48"}
{"type":8,"message":"iconv(): Detected an illegal character in input string","file":"E:\\mrmoney\\baoxiang\\fdrs\\classes\\system.php","line":16,"time":"2018-07-06 22:01:50"}
{"type":8,"message":"Undefined offset: 11","file":"E:\\mrmoney\\baoxiang\\fdrs\\controller\\www\\view.php","line":75,"time":"2018-07-06 22:01:53"}
{"type":8,"message":"Undefined offset: 11","file":"E:\\mrmoney\\baoxiang\\fdrs\\controller\\www\\view.php","line":75,"time":"2018-07-06 22:09:29"}
{"type":8,"message":"Undefined offset: 11","file":"E:\\mrmoney\\baoxiang\\fdrs\\controller\\www\\view.php","line":75,"time":"2018-07-06 22:09:31"}
{"type":8,"message":"Undefined offset: 11","file":"E:\\mrmoney\\baoxiang\\fdrs\\controller\\www\\view.php","line":75,"time":"2018-07-06 22:10:03"}
{"type":8,"message":"Undefined offset: 11","file":"E:\\mrmoney\\baoxiang\\fdrs\\controller\\www\\view.php","line":75,"time":"2018-07-06 22:10:32"}
{"type":8,"message":"Undefined offset: 11","file":"E:\\mrmoney\\baoxiang\\fdrs\\controller\\www\\view.php","line":75,"time":"2018-07-06 22:10:44"}
{"type":8,"message":"Undefined offset: 11","file":"E:\\mrmoney\\baoxiang\\fdrs\\controller\\www\\view.php","line":75,"time":"2018-07-06 22:10:55"}
{"type":8,"message":"Undefined offset: 11","file":"E:\\mrmoney\\baoxiang\\fdrs\\controller\\www\\view.php","line":75,"time":"2018-07-06 22:11:12"}
{"type":8,"message":"Undefined offset: 11","file":"E:\\mrmoney\\baoxiang\\fdrs\\controller\\www\\view.php","line":75,"time":"2018-07-06 22:12:53"}
{"type":8,"message":"Undefined offset: 11","file":"E:\\mrmoney\\baoxiang\\fdrs\\controller\\www\\view.php","line":75,"time":"2018-07-06 22:14:07"}
{"type":8,"message":"Undefined offset: 11","file":"E:\\mrmoney\\baoxiang\\fdrs\\controller\\www\\view.php","line":75,"time":"2018-07-06 22:14:30"}
{"type":8,"message":"Undefined offset: 11","file":"E:\\mrmoney\\baoxiang\\fdrs\\controller\\www\\view.php","line":75,"time":"2018-07-06 22:19:54"}
{"type":2,"message":"Invalid argument supplied for foreach()","file":"E:\\mrmoney\\baoxiang\\fdrs\\modeller\\base.php","line":196,"time":"2018-07-06 22:19:56"}
{"type":8,"message":"Undefined variable: data","file":"E:\\mrmoney\\baoxiang\\fdrs\\classes\\libs(v1)\\smarty\\sysplugins\\smarty_internal_data.php","line":291,"time":"2018-07-06 22:21:40"}
{"type":8,"message":"Undefined variable: data","file":"E:\\mrmoney\\baoxiang\\fdrs\\classes\\libs(v1)\\smarty\\sysplugins\\smarty_internal_data.php","line":291,"time":"2018-07-06 22:21:44"}
{"type":8,"message":"Undefined variable: data","file":"E:\\mrmoney\\baoxiang\\fdrs\\classes\\libs(v1)\\smarty\\sysplugins\\smarty_internal_data.php","line":291,"time":"2018-07-06 22:22:08"}
{"type":8,"message":"Undefined variable: data","file":"E:\\mrmoney\\baoxiang\\fdrs\\classes\\libs(v1)\\smarty\\sysplugins\\smarty_internal_data.php","line":291,"time":"2018-07-06 22:22:18"}
{"type":8,"message":"Undefined variable: data","file":"E:\\mrmoney\\baoxiang\\fdrs\\classes\\libs(v1)\\smarty\\sysplugins\\smarty_internal_data.php","line":291,"time":"2018-07-06 22:22:48"}
{"type":8,"message":"Undefined variable: data","file":"E:\\mrmoney\\baoxiang\\fdrs\\classes\\libs(v1)\\smarty\\sysplugins\\smarty_internal_data.php","line":291,"time":"2018-07-06 22:23:13"}
{"type":8,"message":"Undefined variable: data","file":"E:\\mrmoney\\baoxiang\\fdrs\\classes\\libs(v1)\\smarty\\sysplugins\\smarty_internal_data.php","line":291,"time":"2018-07-06 22:24:04"}
{"type":8,"message":"Undefined offset: 11","file":"E:\\mrmoney\\baoxiang\\fdrs\\controller\\www\\view.php","line":75,"time":"2018-07-06 22:40:22"}
{"type":8,"message":"Undefined offset: 11","file":"E:\\mrmoney\\baoxiang\\fdrs\\controller\\www\\view.php","line":75,"time":"2018-07-06 22:42:42"}
{"type":8,"message":"Undefined offset: 11","file":"E:\\mrmoney\\baoxiang\\fdrs\\controller\\www\\view.php","line":75,"time":"2018-07-06 22:50:54"}
{"type":8,"message":"Undefined offset: 11","file":"E:\\mrmoney\\baoxiang\\fdrs\\controller\\www\\view.php","line":75,"time":"2018-07-06 22:52:40"}
{"type":8,"message":"Undefined index: detail","file":"E:\\mrmoney\\baoxiang\\fdrs\\controller\\www\\data.php","line":30,"time":"2018-07-06 22:53:25"}
{"type":8,"message":"Undefined index: pid","file":"E:\\mrmoney\\baoxiang\\fdrs\\modeller\\cms.php","line":134,"time":"2018-07-07 1:36:12"}
{"type":8,"message":"Undefined offset: 11","file":"E:\\mrmoney\\baoxiang\\fdrs\\controller\\www\\view.php","line":75,"time":"2018-07-07 1:54:45"}
{"type":8,"message":"Undefined index: pid","file":"E:\\mrmoney\\baoxiang\\fdrs\\modeller\\cms.php","line":134,"time":"2018-07-07 2:02:18"}
{"type":8,"message":"Undefined index: detail","file":"E:\\mrmoney\\baoxiang\\fdrs\\controller\\www\\data.php","line":30,"time":"2018-07-07 4:26:21"}
{"type":8,"message":"Undefined offset: 11","file":"E:\\mrmoney\\baoxiang\\fdrs\\controller\\www\\view.php","line":75,"time":"2018-07-07 4:55:06"}
{"type":8,"message":"Undefined offset: 11","file":"E:\\mrmoney\\baoxiang\\fdrs\\controller\\www\\view.php","line":75,"time":"2018-07-07 4:55:08"}
{"type":8,"message":"Undefined offset: 11","file":"E:\\mrmoney\\baoxiang\\fdrs\\controller\\www\\view.php","line":75,"time":"2018-07-07 4:57:21"}
{"type":8,"message":"Undefined offset: 11","file":"E:\\mrmoney\\baoxiang\\fdrs\\controller\\www\\view.php","line":75,"time":"2018-07-07 8:24:15"}
{"type":8,"message":"Undefined offset: 11","file":"E:\\mrmoney\\baoxiang\\fdrs\\controller\\www\\view.php","line":75,"time":"2018-07-07 8:25:45"}
{"type":8,"message":"Undefined index: pid","file":"E:\\mrmoney\\baoxiang\\fdrs\\modeller\\cms.php","line":134,"time":"2018-07-07 8:25:47"}
{"type":8,"message":"Undefined index: pid","file":"E:\\mrmoney\\baoxiang\\fdrs\\modeller\\cms.php","line":134,"time":"2018-07-07 8:26:03"}
{"type":8,"message":"Undefined index: detail","file":"E:\\mrmoney\\baoxiang\\fdrs\\controller\\www\\data.php","line":30,"time":"2018-07-07 8:26:05"}
{"type":8,"message":"Undefined offset: 11","file":"E:\\mrmoney\\baoxiang\\fdrs\\controller\\www\\view.php","line":75,"time":"2018-07-07 8:28:29"}
{"type":8,"message":"Undefined variable: title_text","file":"E:\\mrmoney\\baoxiang\\fdrs\\classes\\libs(v1)\\smarty\\sysplugins\\smarty_internal_data.php","line":291,"time":"2018-07-07 8:32:22"}
{"type":8,"message":"Undefined variable: title_text","file":"E:\\mrmoney\\baoxiang\\fdrs\\classes\\libs(v1)\\smarty\\sysplugins\\smarty_internal_data.php","line":291,"time":"2018-07-07 8:32:41"}
{"type":8,"message":"Undefined index: pid","file":"E:\\mrmoney\\baoxiang\\fdrs\\modeller\\cms.php","line":134,"time":"2018-07-07 8:36:03"}
{"type":8,"message":"Undefined index: detail","file":"E:\\mrmoney\\baoxiang\\fdrs\\controller\\www\\data.php","line":30,"time":"2018-07-07 8:36:06"}
{"type":8,"message":"Undefined index: note","file":"E:\\mrmoney\\baoxiang\\fdrs\\cache\\compiled\\templates\\www\\9173e9cee1df40314508ef6454d36ce50c576bc5.file.members.html.php","line":96,"time":"2018-07-07 8:37:08"}
{"type":8,"message":"Undefined variable: type_id","file":"E:\\mrmoney\\baoxiang\\fdrs\\controller\\www\\view.php","line":432,"time":"2018-07-07 8:37:23"}
{"type":8,"message":"Undefined index: detail","file":"E:\\mrmoney\\baoxiang\\fdrs\\controller\\www\\data.php","line":30,"time":"2018-07-07 8:42:05"}
{"type":8,"message":"Undefined variable: type_id","file":"E:\\mrmoney\\baoxiang\\fdrs\\controller\\www\\view.php","line":432,"time":"2018-07-07 8:43:12"}
{"type":8,"message":"Undefined variable: type_id","file":"E:\\mrmoney\\baoxiang\\fdrs\\controller\\www\\view.php","line":432,"time":"2018-07-07 8:43:42"}
{"type":8,"message":"Undefined variable: type_id","file":"E:\\mrmoney\\baoxiang\\fdrs\\controller\\www\\view.php","line":432,"time":"2018-07-07 8:43:44"}
{"type":8,"message":"Undefined variable: type_id","file":"E:\\mrmoney\\baoxiang\\fdrs\\controller\\www\\view.php","line":432,"time":"2018-07-07 8:44:17"}
{"type":8,"message":"Undefined variable: type_id","file":"E:\\mrmoney\\baoxiang\\fdrs\\controller\\www\\view.php","line":432,"time":"2018-07-07 8:44:44"}
{"type":8,"message":"Undefined variable: type_id","file":"E:\\mrmoney\\baoxiang\\fdrs\\controller\\www\\view.php","line":432,"time":"2018-07-07 8:45:03"}
{"type":8,"message":"Undefined variable: type_id","file":"E:\\mrmoney\\baoxiang\\fdrs\\controller\\www\\view.php","line":432,"time":"2018-07-07 8:45:35"}
{"type":8,"message":"Undefined variable: type_id","file":"E:\\mrmoney\\baoxiang\\fdrs\\controller\\www\\view.php","line":432,"time":"2018-07-07 8:45:44"}
{"type":8,"message":"Undefined variable: type_id","file":"E:\\mrmoney\\baoxiang\\fdrs\\controller\\www\\view.php","line":432,"time":"2018-07-07 8:48:09"}
{"type":8,"message":"Undefined variable: type_id","file":"E:\\mrmoney\\baoxiang\\fdrs\\controller\\www\\view.php","line":432,"time":"2018-07-07 8:48:18"}
{"type":8,"message":"Undefined variable: type_id","file":"E:\\mrmoney\\baoxiang\\fdrs\\controller\\www\\view.php","line":432,"time":"2018-07-07 8:53:53"}
{"type":8,"message":"Undefined variable: type_id","file":"E:\\mrmoney\\baoxiang\\fdrs\\controller\\www\\view.php","line":432,"time":"2018-07-07 8:54:23"}
{"type":8,"message":"Undefined variable: face_size","file":"E:\\mrmoney\\baoxiang\\fdrs\\classes\\libs(v1)\\smarty\\sysplugins\\smarty_internal_data.php","line":291,"time":"2018-07-07 8:54:30"}
{"type":8,"message":"Undefined variable: type_id","file":"E:\\mrmoney\\baoxiang\\fdrs\\controller\\www\\view.php","line":432,"time":"2018-07-07 8:54:52"}
{"type":8,"message":"Undefined variable: type_id","file":"E:\\mrmoney\\baoxiang\\fdrs\\controller\\www\\view.php","line":432,"time":"2018-07-07 8:57:03"}
{"type":8,"message":"Undefined variable: array","file":"E:\\mrmoney\\baoxiang\\fdrs\\classes\\libs(v1)\\smarty\\sysplugins\\smarty_internal_data.php","line":291,"time":"2018-07-07 8:58:49"}
{"type":8,"message":"Undefined variable: type_id","file":"E:\\mrmoney\\baoxiang\\fdrs\\controller\\www\\view.php","line":432,"time":"2018-07-07 8:59:06"}
{"type":8,"message":"Undefined variable: type_id","file":"E:\\mrmoney\\baoxiang\\fdrs\\controller\\www\\view.php","line":432,"time":"2018-07-07 8:59:33"}
{"type":8,"message":"Undefined variable: type_id","file":"E:\\mrmoney\\baoxiang\\fdrs\\controller\\www\\view.php","line":432,"time":"2018-07-07 8:59:43"}
{"type":8,"message":"Undefined variable: type_id","file":"E:\\mrmoney\\baoxiang\\fdrs\\controller\\www\\view.php","line":432,"time":"2018-07-07 9:00:04"}
{"type":8,"message":"Undefined variable: type_id","file":"E:\\mrmoney\\baoxiang\\fdrs\\controller\\www\\view.php","line":432,"time":"2018-07-07 9:00:10"}
{"type":8,"message":"Undefined variable: type_id","file":"E:\\mrmoney\\baoxiang\\fdrs\\controller\\www\\view.php","line":432,"time":"2018-07-07 9:00:35"}
{"type":8,"message":"Undefined variable: type_id","file":"E:\\mrmoney\\baoxiang\\fdrs\\controller\\www\\view.php","line":432,"time":"2018-07-07 9:01:08"}
{"type":8,"message":"Undefined index: detail","file":"E:\\mrmoney\\baoxiang\\fdrs\\controller\\www\\data.php","line":30,"time":"2018-07-07 9:02:38"}
{"type":8,"message":"Undefined variable: type_id","file":"E:\\mrmoney\\baoxiang\\fdrs\\controller\\www\\view.php","line":432,"time":"2018-07-07 9:02:41"}
{"type":8,"message":"Undefined variable: type_id","file":"E:\\mrmoney\\baoxiang\\fdrs\\controller\\www\\view.php","line":432,"time":"2018-07-07 9:02:44"}
{"type":8,"message":"Undefined offset: 11","file":"E:\\mrmoney\\baoxiang\\fdrs\\controller\\www\\view.php","line":75,"time":"2018-07-07 9:03:25"}
{"type":8,"message":"Undefined variable: type_id","file":"E:\\mrmoney\\baoxiang\\fdrs\\controller\\www\\view.php","line":432,"time":"2018-07-07 9:03:30"}
{"type":8,"message":"Undefined variable: type_id","file":"E:\\mrmoney\\baoxiang\\fdrs\\controller\\www\\view.php","line":432,"time":"2018-07-07 9:03:56"}
{"type":8,"message":"Undefined variable: type_id","file":"E:\\mrmoney\\baoxiang\\fdrs\\controller\\www\\view.php","line":432,"time":"2018-07-07 9:04:09"}
{"type":8,"message":"Undefined offset: 11","file":"E:\\mrmoney\\baoxiang\\fdrs\\controller\\www\\view.php","line":75,"time":"2018-07-07 9:05:10"}
{"type":8,"message":"Undefined index: detail","file":"E:\\mrmoney\\baoxiang\\fdrs\\controller\\www\\data.php","line":30,"time":"2018-07-07 9:05:26"}
{"type":8,"message":"Undefined index: pid","file":"E:\\mrmoney\\baoxiang\\fdrs\\modeller\\cms.php","line":134,"time":"2018-07-07 9:05:35"}
{"type":8,"message":"Undefined offset: 11","file":"E:\\mrmoney\\baoxiang\\fdrs\\controller\\www\\view.php","line":75,"time":"2018-07-07 9:06:00"}
{"type":8,"message":"Undefined offset: 11","file":"E:\\mrmoney\\baoxiang\\fdrs\\controller\\www\\view.php","line":75,"time":"2018-07-07 9:07:10"}
{"type":8,"message":"Undefined variable: type_id","file":"E:\\mrmoney\\baoxiang\\fdrs\\controller\\www\\view.php","line":432,"time":"2018-07-07 9:07:21"}
{"type":8,"message":"Undefined index: pid","file":"E:\\mrmoney\\baoxiang\\fdrs\\modeller\\cms.php","line":134,"time":"2018-07-07 9:07:44"}
{"type":8,"message":"Undefined index: detail","file":"E:\\mrmoney\\baoxiang\\fdrs\\controller\\www\\data.php","line":30,"time":"2018-07-07 9:07:46"}
{"type":8,"message":"Undefined variable: type_id","file":"E:\\mrmoney\\baoxiang\\fdrs\\controller\\www\\view.php","line":432,"time":"2018-07-07 9:08:54"}
{"type":8,"message":"Undefined variable: type_id","file":"E:\\mrmoney\\baoxiang\\fdrs\\controller\\www\\view.php","line":432,"time":"2018-07-07 9:09:21"}
{"type":8,"message":"Undefined variable: type_id","file":"E:\\mrmoney\\baoxiang\\fdrs\\controller\\www\\view.php","line":432,"time":"2018-07-07 9:09:27"}
{"type":8,"message":"Undefined variable: type_id","file":"E:\\mrmoney\\baoxiang\\fdrs\\controller\\www\\view.php","line":432,"time":"2018-07-07 9:11:06"}
{"type":8,"message":"Undefined variable: type_id","file":"E:\\mrmoney\\baoxiang\\fdrs\\controller\\www\\view.php","line":432,"time":"2018-07-07 9:11:19"}
{"type":8,"message":"Undefined index: pid","file":"E:\\mrmoney\\baoxiang\\fdrs\\modeller\\cms.php","line":134,"time":"2018-07-07 9:11:35"}
{"type":8,"message":"Undefined index: detail","file":"E:\\mrmoney\\baoxiang\\fdrs\\controller\\www\\data.php","line":30,"time":"2018-07-07 9:11:37"}
{"type":8,"message":"Undefined offset: 11","file":"E:\\mrmoney\\baoxiang\\fdrs\\controller\\www\\view.php","line":75,"time":"2018-07-07 10:28:11"}
{"type":8,"message":"Undefined offset: 11","file":"E:\\mrmoney\\baoxiang\\fdrs\\controller\\www\\view.php","line":75,"time":"2018-07-07 10:28:49"}
{"type":8,"message":"Undefined offset: 11","file":"E:\\mrmoney\\baoxiang\\fdrs\\controller\\www\\view.php","line":75,"time":"2018-07-07 10:28:59"}
{"type":8,"message":"Undefined offset: 11","file":"E:\\mrmoney\\baoxiang\\fdrs\\controller\\www\\view.php","line":75,"time":"2018-07-07 10:29:06"}
{"type":8,"message":"Undefined variable: type_id","file":"E:\\mrmoney\\baoxiang\\fdrs\\controller\\www\\view.php","line":432,"time":"2018-07-07 10:31:31"}
{"type":8,"message":"Undefined offset: 11","file":"E:\\mrmoney\\baoxiang\\fdrs\\controller\\www\\view.php","line":75,"time":"2018-07-07 13:05:21"}
{"type":8,"message":"Undefined offset: 11","file":"E:\\mrmoney\\baoxiang\\fdrs\\controller\\www\\view.php","line":75,"time":"2018-07-08 12:02:23"}
{"type":8,"message":"Undefined offset: 11","file":"E:\\mrmoney\\baoxiang\\fdrs\\controller\\www\\view.php","line":75,"time":"2018-07-09 8:17:45"}
{"type":8,"message":"Undefined variable: type_id","file":"E:\\mrmoney\\baoxiang\\fdrs\\controller\\www\\view.php","line":432,"time":"2018-07-09 8:18:07"}
{"type":8,"message":"Undefined offset: 11","file":"E:\\mrmoney\\baoxiang\\fdrs\\controller\\www\\view.php","line":75,"time":"2018-07-09 10:56:24"}
{"type":8,"message":"Undefined offset: 11","file":"E:\\mrmoney\\baoxiang\\fdrs\\controller\\www\\view.php","line":75,"time":"2018-07-09 10:56:34"}
{"type":8,"message":"Undefined offset: 11","file":"E:\\mrmoney\\baoxiang\\fdrs\\controller\\www\\view.php","line":75,"time":"2018-07-09 12:33:24"}
{"type":8,"message":"Undefined variable: type_id","file":"E:\\mrmoney\\baoxiang\\fdrs\\controller\\www\\view.php","line":432,"time":"2018-07-09 12:33:46"}
{"type":8,"message":"Undefined index: pid","file":"E:\\mrmoney\\baoxiang\\fdrs\\modeller\\cms.php","line":134,"time":"2018-07-09 12:33:58"}
{"type":8,"message":"Undefined index: detail","file":"E:\\mrmoney\\baoxiang\\fdrs\\controller\\www\\data.php","line":30,"time":"2018-07-09 12:34:00"}
{"type":8,"message":"Undefined index: detail","file":"E:\\mrmoney\\baoxiang\\fdrs\\controller\\www\\data.php","line":30,"time":"2018-07-09 12:34:03"}
{"type":8,"message":"Undefined index: pid","file":"E:\\mrmoney\\baoxiang\\fdrs\\modeller\\cms.php","line":134,"time":"2018-07-09 12:34:05"}
{"type":8,"message":"Undefined index: detail","file":"E:\\mrmoney\\baoxiang\\fdrs\\controller\\www\\data.php","line":30,"time":"2018-07-09 12:34:08"}
{"type":8,"message":"Undefined index: detail","file":"E:\\mrmoney\\baoxiang\\fdrs\\controller\\www\\data.php","line":30,"time":"2018-07-09 12:34:16"}
{"type":8,"message":"Undefined index: pid","file":"E:\\mrmoney\\baoxiang\\fdrs\\modeller\\cms.php","line":134,"time":"2018-07-09 12:34:20"}
{"type":8,"message":"Undefined offset: 5","file":"E:\\mrmoney\\baoxiang\\fdrs\\controller\\www\\view.php","line":180,"time":"2018-07-09 12:34:23"}
{"type":8,"message":"Undefined index: pid","file":"E:\\mrmoney\\baoxiang\\fdrs\\modeller\\cms.php","line":134,"time":"2018-07-09 12:34:25"}
{"type":8,"message":"Undefined index: pid","file":"E:\\mrmoney\\baoxiang\\fdrs\\modeller\\cms.php","line":134,"time":"2018-07-09 12:34:26"}
{"type":8,"message":"Undefined offset: 4","file":"E:\\mrmoney\\baoxiang\\fdrs\\controller\\www\\view.php","line":180,"time":"2018-07-09 12:34:27"}
{"type":8,"message":"Undefined offset: 3","file":"E:\\mrmoney\\baoxiang\\fdrs\\controller\\www\\view.php","line":180,"time":"2018-07-09 12:34:29"}
{"type":8,"message":"Undefined index: detail","file":"E:\\mrmoney\\baoxiang\\fdrs\\controller\\www\\data.php","line":30,"time":"2018-07-09 12:34:31"}
{"type":8,"message":"Undefined offset: 11","file":"E:\\mrmoney\\baoxiang\\fdrs\\controller\\www\\view.php","line":75,"time":"2018-07-09 13:22:01"}
{"type":8,"message":"Undefined offset: 11","file":"E:\\mrmoney\\baoxiang\\fdrs\\controller\\www\\view.php","line":75,"time":"2018-07-09 13:22:58"}
{"type":8,"message":"Undefined offset: 11","file":"E:\\mrmoney\\baoxiang\\fdrs\\controller\\www\\view.php","line":75,"time":"2018-07-09 13:23:00"}
{"type":8,"message":"Undefined offset: 11","file":"E:\\mrmoney\\baoxiang\\fdrs\\controller\\www\\view.php","line":75,"time":"2018-07-09 15:59:15"}
{"type":8,"message":"Undefined index: detail","file":"E:\\mrmoney\\baoxiang\\fdrs\\controller\\www\\data.php","line":30,"time":"2018-07-09 15:59:19"}
{"type":8,"message":"Undefined index: pid","file":"E:\\mrmoney\\baoxiang\\fdrs\\modeller\\cms.php","line":134,"time":"2018-07-09 15:59:25"}
{"type":8,"message":"Undefined variable: type_id","file":"E:\\mrmoney\\baoxiang\\fdrs\\controller\\www\\view.php","line":432,"time":"2018-07-09 15:59:28"}
